Operating system: Microsoft Windows NT 6.2.9200.0
Opening INI file "D:\Storage\Disassemblies\Sonic 1\Sonic Limited\s1disasm-ProjectSonic1TwoEight\s1disasm-ProjectSonic1TwoEight\SonPLN.ini"...
Game type is S1.
Loading Special Stage Background 1...
Loading plane mappings from file "tilemaps/SS Background 1.eni", using compression Enigma...
Loading palette file "palette/Special Stage.bin"...
Source: 16 Destination: 0 Length: 32
Loading 8x8 tiles from file "artnem/Special Birds & Fish.nem", using compression Nemesis...
Mappings data size does not match given width/height. Expected: 128 (8x8*2) Actual: 1024.
System.AggregateException: One or more errors occurred. ---> System.IndexOutOfRangeException: Index was outside the bounds of the array.
   at SonicRetro.SonLVL.SonPLN.MainForm.LoadLevelPalette() in C:\Programs\SonLVL\SonPLN\MainForm.cs:line 423
   at System.Threading.Tasks.Task.InnerInvoke()
   at System.Threading.Tasks.Task.Execute()
   --- End of inner exception stack trace ---
   at System.Threading.Tasks.Task.FastWaitAll(Task[] tasks)
   at System.Threading.Tasks.Parallel.Invoke(ParallelOptions parallelOptions, Action[] actions)
   at System.Threading.Tasks.Parallel.Invoke(Action[] actions)
   at SonicRetro.SonLVL.SonPLN.MainForm.backgroundLevelLoader_DoWork(Object sender, DoWorkEventArgs e) in C:\Programs\SonLVL\SonPLN\MainForm.cs:line 323
---> (Inner Exception #0) System.IndexOutOfRangeException: Index was outside the bounds of the array.
   at SonicRetro.SonLVL.SonPLN.MainForm.LoadLevelPalette() in C:\Programs\SonLVL\SonPLN\MainForm.cs:line 423
   at System.Threading.Tasks.Task.InnerInvoke()
   at System.Threading.Tasks.Task.Execute()<---

Loading Special Stage Background 1...
Loading palette file "palette/Special Stage.bin"...
Source: 16 Destination: 0 Length: 32
Loading 8x8 tiles from file "artnem/Special Birds & Fish.nem", using compression Nemesis...
Loading plane mappings from file "tilemaps/SS Background 1.eni", using compression Enigma...
Mappings data size does not match given width/height. Expected: 128 (8x8*2) Actual: 1024.
System.AggregateException: One or more errors occurred. ---> System.IndexOutOfRangeException: Index was outside the bounds of the array.
   at SonicRetro.SonLVL.SonPLN.MainForm.LoadLevelPalette() in C:\Programs\SonLVL\SonPLN\MainForm.cs:line 423
   at System.Threading.Tasks.Task.InnerInvoke()
   at System.Threading.Tasks.Task.Execute()
   --- End of inner exception stack trace ---
   at System.Threading.Tasks.Task.FastWaitAll(Task[] tasks)
   at System.Threading.Tasks.Parallel.Invoke(ParallelOptions parallelOptions, Action[] actions)
   at System.Threading.Tasks.Parallel.Invoke(Action[] actions)
   at SonicRetro.SonLVL.SonPLN.MainForm.backgroundLevelLoader_DoWork(Object sender, DoWorkEventArgs e) in C:\Programs\SonLVL\SonPLN\MainForm.cs:line 323
---> (Inner Exception #0) System.IndexOutOfRangeException: Index was outside the bounds of the array.
   at SonicRetro.SonLVL.SonPLN.MainForm.LoadLevelPalette() in C:\Programs\SonLVL\SonPLN\MainForm.cs:line 423
   at System.Threading.Tasks.Task.InnerInvoke()
   at System.Threading.Tasks.Task.Execute()<---

